nRF Connect, 2024-02-01
CITYSPORTS-Linker (B1:72:47:A8:AA:F0)
V	00:14:48.201	Connecting to B1:72:47:A8:AA:F0...
D	00:14:48.201	gatt = device.connectGatt(autoConnect = false, TRANSPORT_LE, preferred PHY = LE 1M)
D	00:14:48.595	[Callback] Connection state changed with status: 0 and new state: CONNECTED (2)
I	00:14:48.597	Connected to B1:72:47:A8:AA:F0
D	00:14:48.597	wait(1600ms)
D	00:14:48.600	[Broadcast] Action received: android.bluetooth.device.action.ACL_CONNECTED
V	00:14:50.197	Discovering services...
D	00:14:50.197	gatt.discoverServices()
D	00:14:50.216	[Callback] Services discovered with status: 0
I	00:14:50.216	Services discovered
V	00:14:50.226	Generic Access (0x1800)
- Device Name [R W] (0x2A00)
Device Information (0x180A)
- Manufacturer Name String [R] (0x2A29)
- Model Number String [R] (0x2A24)
- Serial Number String [R] (0x2A25)
- Hardware Revision String [R] (0x2A27)
- Firmware Revision String [R] (0x2A26)
- Software Revision String [R] (0x2A28)
- System ID [R] (0x2A23)
Fitness Machine (0x1826)
- Fitness Machine Feature [R] (0x2ACC)
- Treadmill Data [N] (0x2ACD)
   Client Characteristic Configuration (0x2902)
- Training Status [N R] (0x2AD3)
   Client Characteristic Configuration (0x2902)
- Supported Speed Range [R] (0x2AD4)
- Supported Inclination Range [R] (0x2AD5)
- Supported Resistance Level Range [R] (0x2AD6)
- Supported Heart Rate Range [R] (0x2AD7)
- Supported Power Range [R] (0x2AD8)
- Fitness Machine Control Point [I WNR] (0x2AD9)
   Client Characteristic Configuration (0x2902)
- Fitness Machine Status [N] (0x2ADA)
   Client Characteristic Configuration (0x2902)
- Unknown Characteristic [R WNR] (a580d216-7087-5e6c-36b3-77c02f551c85)
- Unknown Characteristic [N] (c4208999-8d92-bee1-4456-2068528eccf6)
   Client Characteristic Configuration (0x2902)
- Unknown Characteristic [R] (62b817cb-47db-c59e-b675-1a66e37a5196)
D	00:14:50.226	gatt.setCharacteristicNotification(00002acd-0000-1000-8000-00805f9b34fb, true)
D	00:14:50.230	gatt.setCharacteristicNotification(00002ad3-0000-1000-8000-00805f9b34fb, true)
D	00:14:50.232	gatt.setCharacteristicNotification(00002ad9-0000-1000-8000-00805f9b34fb, true)
D	00:14:50.236	gatt.setCharacteristicNotification(00002ada-0000-1000-8000-00805f9b34fb, true)
D	00:14:50.239	gatt.setCharacteristicNotification(c4208999-8d92-bee1-4456-2068528eccf6, true)
V	00:15:01.736	Disabling notifications for 00002acd-0000-1000-8000-00805f9b34fb
D	00:15:01.736	gatt.setCharacteristicNotification(00002acd-0000-1000-8000-00805f9b34fb, false)
D	00:15:01.740	gatt.writeDescriptor(00002902-0000-1000-8000-00805f9b34fb, value=0x0000)
I	00:15:01.888	Data written to descr. 00002902-0000-1000-8000-00805f9b34fb, value: (0x) 00-00
A	00:15:01.888	"Notifications and indications disabled" sent
V	00:15:01.894	Notifications and indications disabled for 00002acd-0000-1000-8000-00805f9b34fb
I	00:15:02.355	Connection parameters updated (interval: 30.0ms, latency: 0, timeout: 6000ms)
V	00:15:03.172	Enabling notifications for 00002acd-0000-1000-8000-00805f9b34fb
D	00:15:03.172	gatt.setCharacteristicNotification(00002acd-0000-1000-8000-00805f9b34fb, true)
D	00:15:03.176	gatt.writeDescriptor(00002902-0000-1000-8000-00805f9b34fb, value=0x0100)
I	00:15:03.279	Data written to descr. 00002902-0000-1000-8000-00805f9b34fb, value: (0x) 01-00
A	00:15:03.279	"Notifications enabled" sent
V	00:15:03.283	Notifications enabled for 00002acd-0000-1000-8000-00805f9b34fb
I	00:15:03.341	Notification received from 00002acd-0000-1000-8000-00805f9b34fb, value: (0x) 84-24-00-00-00-00-00-00-00-00-00-00-00-00-00-00-00
A	00:15:03.341	"Instantaneous Speed: 0.0 km/h
Total Distance: 0 m
Total Energy: 0 kcal
Energy Per Hour: 0 kcal
Energy Per Minute: 0 kcal
Elapsed Time: 0 s
Reserved Flags for Future Use: 0x2000" received
I	00:15:03.827	Notification received from 00002acd-0000-1000-8000-00805f9b34fb, value: (0x) 84-24-00-00-00-00-00-00-00-00-00-00-00-00-00-00-00
A	00:15:03.827	"Instantaneous Speed: 0.0 km/h
Total Distance: 0 m
Total Energy: 0 kcal
Energy Per Hour: 0 kcal
Energy Per Minute: 0 kcal
Elapsed Time: 0 s
Reserved Flags for Future Use: 0x2000" received
I	00:15:04.307	Notification received from 00002acd-0000-1000-8000-00805f9b34fb, value: (0x) 84-24-00-00-00-00-00-00-00-00-00-00-00-00-00-00-00
A	00:15:04.307	"Instantaneous Speed: 0.0 km/h
Total Distance: 0 m
Total Energy: 0 kcal
Energy Per Hour: 0 kcal
Energy Per Minute: 0 kcal
Elapsed Time: 0 s
Reserved Flags for Future Use: 0x2000" received
I	00:15:04.666	Notification received from 00002acd-0000-1000-8000-00805f9b34fb, value: (0x) 84-24-00-00-00-00-00-00-00-00-00-00-00-00-00-00-00
A	00:15:04.667	"Instantaneous Speed: 0.0 km/h
Total Distance: 0 m
Total Energy: 0 kcal
Energy Per Hour: 0 kcal
Energy Per Minute: 0 kcal
Elapsed Time: 0 s
Reserved Flags for Future Use: 0x2000" received
I	00:15:05.187	Notification received from 00002acd-0000-1000-8000-00805f9b34fb, value: (0x) 84-24-00-00-00-00-00-00-00-00-00-00-00-00-00-00-00
A	00:15:05.187	"Instantaneous Speed: 0.0 km/h
Total Distance: 0 m
Total Energy: 0 kcal
Energy Per Hour: 0 kcal
Energy Per Minute: 0 kcal
Elapsed Time: 0 s
Reserved Flags for Future Use: 0x2000" received
I	00:15:05.668	Notification received from 00002acd-0000-1000-8000-00805f9b34fb, value: (0x) 84-24-00-00-00-00-00-00-00-00-00-00-00-00-00-00-00
A	00:15:05.668	"Instantaneous Speed: 0.0 km/h
Total Distance: 0 m
Total Energy: 0 kcal
Energy Per Hour: 0 kcal
Energy Per Minute: 0 kcal
Elapsed Time: 0 s
Reserved Flags for Future Use: 0x2000" received
I	00:15:06.106	Notification received from 00002acd-0000-1000-8000-00805f9b34fb, value: (0x) 84-24-00-00-00-00-00-00-00-00-00-00-00-00-00-00-00
A	00:15:06.106	"Instantaneous Speed: 0.0 km/h
Total Distance: 0 m
Total Energy: 0 kcal
Energy Per Hour: 0 kcal
Energy Per Minute: 0 kcal
Elapsed Time: 0 s
Reserved Flags for Future Use: 0x2000" received
I	00:15:06.628	Notification received from 00002acd-0000-1000-8000-00805f9b34fb, value: (0x) 84-24-00-00-00-00-00-00-00-00-00-00-00-00-00-00-00
A	00:15:06.628	"Instantaneous Speed: 0.0 km/h
Total Distance: 0 m
Total Energy: 0 kcal
Energy Per Hour: 0 kcal
Energy Per Minute: 0 kcal
Elapsed Time: 0 s
Reserved Flags for Future Use: 0x2000" received
I	00:15:07.122	Notification received from 00002acd-0000-1000-8000-00805f9b34fb, value: (0x) 84-24-00-00-00-00-00-00-00-00-00-00-00-00-00-00-00
A	00:15:07.122	"Instantaneous Speed: 0.0 km/h
Total Distance: 0 m
Total Energy: 0 kcal
Energy Per Hour: 0 kcal
Energy Per Minute: 0 kcal
Elapsed Time: 0 s
Reserved Flags for Future Use: 0x2000" received
I	00:15:07.588	Notification received from 00002acd-0000-1000-8000-00805f9b34fb, value: (0x) 84-24-00-00-00-00-00-00-00-00-00-00-00-00-00-00-00
A	00:15:07.588	"Instantaneous Speed: 0.0 km/h
Total Distance: 0 m
Total Energy: 0 kcal
Energy Per Hour: 0 kcal
Energy Per Minute: 0 kcal
Elapsed Time: 0 s
Reserved Flags for Future Use: 0x2000" received
I	00:15:08.068	Notification received from 00002acd-0000-1000-8000-00805f9b34fb, value: (0x) 84-24-00-00-00-00-00-00-00-00-00-00-00-00-00-00-00
A	00:15:08.068	"Instantaneous Speed: 0.0 km/h
Total Distance: 0 m
Total Energy: 0 kcal
Energy Per Hour: 0 kcal
Energy Per Minute: 0 kcal
Elapsed Time: 0 s
Reserved Flags for Future Use: 0x2000" received
I	00:15:08.548	Notification received from 00002acd-0000-1000-8000-00805f9b34fb, value: (0x) 84-24-64-00-00-00-00-00-00-00-00-00-00-00-00-00-00
A	00:15:08.548	"Instantaneous Speed: 1.0 km/h
Total Distance: 0 m
Total Energy: 0 kcal
Energy Per Hour: 0 kcal
Energy Per Minute: 0 kcal
Elapsed Time: 0 s
Reserved Flags for Future Use: 0x2000" received
I	00:15:09.027	Notification received from 00002acd-0000-1000-8000-00805f9b34fb, value: (0x) 84-24-64-00-00-00-00-00-00-00-00-00-00-00-00-00-00
A	00:15:09.027	"Instantaneous Speed: 1.0 km/h
Total Distance: 0 m
Total Energy: 0 kcal
Energy Per Hour: 0 kcal
Energy Per Minute: 0 kcal
Elapsed Time: 0 s
Reserved Flags for Future Use: 0x2000" received
I	00:15:09.506	Notification received from 00002acd-0000-1000-8000-00805f9b34fb, value: (0x) 84-24-64-00-00-00-00-00-00-00-00-00-00-00-00-00-00
A	00:15:09.506	"Instantaneous Speed: 1.0 km/h
Total Distance: 0 m
Total Energy: 0 kcal
Energy Per Hour: 0 kcal
Energy Per Minute: 0 kcal
Elapsed Time: 0 s
Reserved Flags for Future Use: 0x2000" received
I	00:15:09.988	Notification received from 00002acd-0000-1000-8000-00805f9b34fb, value: (0x) 84-24-64-00-00-00-00-00-00-00-00-00-00-00-00-00-00
A	00:15:09.988	"Instantaneous Speed: 1.0 km/h
Total Distance: 0 m
Total Energy: 0 kcal
Energy Per Hour: 0 kcal
Energy Per Minute: 0 kcal
Elapsed Time: 0 s
Reserved Flags for Future Use: 0x2000" received
I	00:15:10.468	Notification received from 00002acd-0000-1000-8000-00805f9b34fb, value: (0x) 84-24-64-00-00-00-00-00-00-00-00-00-01-00-01-00-00
A	00:15:10.468	"Instantaneous Speed: 1.0 km/h
Total Distance: 0 m
Total Energy: 0 kcal
Energy Per Hour: 0 kcal
Energy Per Minute: 0 kcal
Elapsed Time: 1 s
Reserved Flags for Future Use: 0x2000" received
I	00:15:10.947	Notification received from 00002acd-0000-1000-8000-00805f9b34fb, value: (0x) 84-24-96-00-00-00-00-00-00-00-00-00-01-00-01-00-00
A	00:15:10.947	"Instantaneous Speed: 1.5 km/h
Total Distance: 0 m
Total Energy: 0 kcal
Energy Per Hour: 0 kcal
Energy Per Minute: 0 kcal
Elapsed Time: 1 s
Reserved Flags for Future Use: 0x2000" received
I	00:15:11.427	Notification received from 00002acd-0000-1000-8000-00805f9b34fb, value: (0x) 84-24-C8-00-00-00-00-00-00-00-00-00-02-00-01-00-00
A	00:15:11.427	"Instantaneous Speed: 2.0 km/h
Total Distance: 0 m
Total Energy: 0 kcal
Energy Per Hour: 0 kcal
Energy Per Minute: 0 kcal
Elapsed Time: 2 s
Reserved Flags for Future Use: 0x2000" received
I	00:15:11.907	Notification received from 00002acd-0000-1000-8000-00805f9b34fb, value: (0x) 84-24-C8-00-00-00-00-00-00-00-00-00-02-00-02-00-00
A	00:15:11.907	"Instantaneous Speed: 2.0 km/h
Total Distance: 0 m
Total Energy: 0 kcal
Energy Per Hour: 0 kcal
Energy Per Minute: 0 kcal
Elapsed Time: 2 s
Reserved Flags for Future Use: 0x2000" received
I	00:15:12.387	Notification received from 00002acd-0000-1000-8000-00805f9b34fb, value: (0x) 84-24-FA-00-01-00-00-00-00-00-00-00-03-00-02-00-00
A	00:15:12.387	"Instantaneous Speed: 2.5 km/h
Total Distance: 1 m
Total Energy: 0 kcal
Energy Per Hour: 0 kcal
Energy Per Minute: 0 kcal
Elapsed Time: 3 s
Reserved Flags for Future Use: 0x2000" received
I	00:15:12.868	Notification received from 00002acd-0000-1000-8000-00805f9b34fb, value: (0x) 84-24-2C-01-01-00-00-00-00-00-00-00-03-00-02-00-00
A	00:15:12.868	"Instantaneous Speed: 3.0 km/h
Total Distance: 1 m
Total Energy: 0 kcal
Energy Per Hour: 0 kcal
Energy Per Minute: 0 kcal
Elapsed Time: 3 s
Reserved Flags for Future Use: 0x2000" received
I	00:15:13.348	Notification received from 00002acd-0000-1000-8000-00805f9b34fb, value: (0x) 84-24-2C-01-02-00-00-00-00-00-00-00-04-00-02-00-00
A	00:15:13.348	"Instantaneous Speed: 3.0 km/h
Total Distance: 2 m
Total Energy: 0 kcal
Energy Per Hour: 0 kcal
Energy Per Minute: 0 kcal
Elapsed Time: 4 s
Reserved Flags for Future Use: 0x2000" received
I	00:15:13.829	Notification received from 00002acd-0000-1000-8000-00805f9b34fb, value: (0x) 84-24-2C-01-02-00-00-00-00-00-00-00-04-00-03-00-00
A	00:15:13.829	"Instantaneous Speed: 3.0 km/h
Total Distance: 2 m
Total Energy: 0 kcal
Energy Per Hour: 0 kcal
Energy Per Minute: 0 kcal
Elapsed Time: 4 s
Reserved Flags for Future Use: 0x2000" received
I	00:15:14.308	Notification received from 00002acd-0000-1000-8000-00805f9b34fb, value: (0x) 84-24-2C-01-02-00-00-00-00-00-00-00-04-00-03-00-00
A	00:15:14.308	"Instantaneous Speed: 3.0 km/h
Total Distance: 2 m
Total Energy: 0 kcal
Energy Per Hour: 0 kcal
Energy Per Minute: 0 kcal
Elapsed Time: 4 s
Reserved Flags for Future Use: 0x2000" received
I	00:15:14.788	Notification received from 00002acd-0000-1000-8000-00805f9b34fb, value: (0x) 84-24-2C-01-03-00-00-00-00-00-00-00-05-00-03-00-00
A	00:15:14.788	"Instantaneous Speed: 3.0 km/h
Total Distance: 3 m
Total Energy: 0 kcal
Energy Per Hour: 0 kcal
Energy Per Minute: 0 kcal
Elapsed Time: 5 s
Reserved Flags for Future Use: 0x2000" received
I	00:15:15.268	Notification received from 00002acd-0000-1000-8000-00805f9b34fb, value: (0x) 84-24-2C-01-03-00-00-00-00-00-00-00-05-00-03-00-00
A	00:15:15.268	"Instantaneous Speed: 3.0 km/h
Total Distance: 3 m
Total Energy: 0 kcal
Energy Per Hour: 0 kcal
Energy Per Minute: 0 kcal
Elapsed Time: 5 s
Reserved Flags for Future Use: 0x2000" received
I	00:15:15.748	Notification received from 00002acd-0000-1000-8000-00805f9b34fb, value: (0x) 84-24-2C-01-03-00-00-00-00-00-00-00-06-00-03-00-00
A	00:15:15.748	"Instantaneous Speed: 3.0 km/h
Total Distance: 3 m
Total Energy: 0 kcal
Energy Per Hour: 0 kcal
Energy Per Minute: 0 kcal
Elapsed Time: 6 s
Reserved Flags for Future Use: 0x2000" received
I	00:15:16.227	Notification received from 00002acd-0000-1000-8000-00805f9b34fb, value: (0x) 84-24-2C-01-03-00-00-00-00-00-00-00-06-00-03-00-00
A	00:15:16.227	"Instantaneous Speed: 3.0 km/h
Total Distance: 3 m
Total Energy: 0 kcal
Energy Per Hour: 0 kcal
Energy Per Minute: 0 kcal
Elapsed Time: 6 s
Reserved Flags for Future Use: 0x2000" received
I	00:15:16.707	Notification received from 00002acd-0000-1000-8000-00805f9b34fb, value: (0x) 84-24-2C-01-04-00-00-00-00-00-00-00-07-00-04-00-00
A	00:15:16.707	"Instantaneous Speed: 3.0 km/h
Total Distance: 4 m
Total Energy: 0 kcal
Energy Per Hour: 0 kcal
Energy Per Minute: 0 kcal
Elapsed Time: 7 s
Reserved Flags for Future Use: 0x2000" received
I	00:15:17.187	Notification received from 00002acd-0000-1000-8000-00805f9b34fb, value: (0x) 84-24-2C-01-04-00-00-00-00-00-00-00-07-00-04-00-00
A	00:15:17.187	"Instantaneous Speed: 3.0 km/h
Total Distance: 4 m
Total Energy: 0 kcal
Energy Per Hour: 0 kcal
Energy Per Minute: 0 kcal
Elapsed Time: 7 s
Reserved Flags for Future Use: 0x2000" received
I	00:15:17.666	Notification received from 00002acd-0000-1000-8000-00805f9b34fb, value: (0x) 84-24-2C-01-05-00-00-00-00-00-00-00-08-00-04-00-00
A	00:15:17.666	"Instantaneous Speed: 3.0 km/h
Total Distance: 5 m
Total Energy: 0 kcal
Energy Per Hour: 0 kcal
Energy Per Minute: 0 kcal
Elapsed Time: 8 s
Reserved Flags for Future Use: 0x2000" received
I	00:15:18.148	Notification received from 00002acd-0000-1000-8000-00805f9b34fb, value: (0x) 84-24-2C-01-05-00-00-00-00-00-00-00-08-00-04-00-00
A	00:15:18.148	"Instantaneous Speed: 3.0 km/h
Total Distance: 5 m
Total Energy: 0 kcal
Energy Per Hour: 0 kcal
Energy Per Minute: 0 kcal
Elapsed Time: 8 s
Reserved Flags for Future Use: 0x2000" received
I	00:15:18.628	Notification received from 00002acd-0000-1000-8000-00805f9b34fb, value: (0x) 84-24-2C-01-05-00-00-00-00-00-00-00-08-00-04-00-00
A	00:15:18.628	"Instantaneous Speed: 3.0 km/h
Total Distance: 5 m
Total Energy: 0 kcal
Energy Per Hour: 0 kcal
Energy Per Minute: 0 kcal
Elapsed Time: 8 s
Reserved Flags for Future Use: 0x2000" received
I	00:15:19.105	Notification received from 00002acd-0000-1000-8000-00805f9b34fb, value: (0x) 84-24-2C-01-05-00-00-00-00-00-00-00-08-00-05-00-00
A	00:15:19.105	"Instantaneous Speed: 3.0 km/h
Total Distance: 5 m
Total Energy: 0 kcal
Energy Per Hour: 0 kcal
Energy Per Minute: 0 kcal
Elapsed Time: 8 s
Reserved Flags for Future Use: 0x2000" received
I	00:15:19.585	Notification received from 00002acd-0000-1000-8000-00805f9b34fb, value: (0x) 84-24-2C-01-06-00-00-00-00-00-00-00-09-00-06-00-00
A	00:15:19.585	"Instantaneous Speed: 3.0 km/h
Total Distance: 6 m
Total Energy: 0 kcal
Energy Per Hour: 0 kcal
Energy Per Minute: 0 kcal
Elapsed Time: 9 s
Reserved Flags for Future Use: 0x2000" received
I	00:15:20.068	Notification received from 00002acd-0000-1000-8000-00805f9b34fb, value: (0x) 84-24-2C-01-06-00-00-00-00-00-00-00-09-00-07-00-00
A	00:15:20.068	"Instantaneous Speed: 3.0 km/h
Total Distance: 6 m
Total Energy: 0 kcal
Energy Per Hour: 0 kcal
Energy Per Minute: 0 kcal
Elapsed Time: 9 s
Reserved Flags for Future Use: 0x2000" received
I	00:15:20.548	Notification received from 00002acd-0000-1000-8000-00805f9b34fb, value: (0x) 84-24-2C-01-07-00-00-00-00-00-00-00-0A-00-07-00-00
A	00:15:20.548	"Instantaneous Speed: 3.0 km/h
Total Distance: 7 m
Total Energy: 0 kcal
Energy Per Hour: 0 kcal
Energy Per Minute: 0 kcal
Elapsed Time: 10 s
Reserved Flags for Future Use: 0x2000" received
I	00:15:21.021	Notification received from 00002acd-0000-1000-8000-00805f9b34fb, value: (0x) 84-24-2C-01-07-00-00-00-00-00-00-00-0A-00-08-00-00
A	00:15:21.021	"Instantaneous Speed: 3.0 km/h
Total Distance: 7 m
Total Energy: 0 kcal
Energy Per Hour: 0 kcal
Energy Per Minute: 0 kcal
Elapsed Time: 10 s
Reserved Flags for Future Use: 0x2000" received
I	00:15:21.463	Notification received from 00002acd-0000-1000-8000-00805f9b34fb, value: (0x) 84-24-2C-01-08-00-00-00-00-00-00-00-0B-00-09-00-00
A	00:15:21.463	"Instantaneous Speed: 3.0 km/h
Total Distance: 8 m
Total Energy: 0 kcal
Energy Per Hour: 0 kcal
Energy Per Minute: 0 kcal
Elapsed Time: 11 s
Reserved Flags for Future Use: 0x2000" received
I	00:15:21.984	Notification received from 00002acd-0000-1000-8000-00805f9b34fb, value: (0x) 84-24-2C-01-08-00-00-00-00-00-00-00-0B-00-09-00-00
A	00:15:21.984	"Instantaneous Speed: 3.0 km/h
Total Distance: 8 m
Total Energy: 0 kcal
Energy Per Hour: 0 kcal
Energy Per Minute: 0 kcal
Elapsed Time: 11 s
Reserved Flags for Future Use: 0x2000" received
I	00:15:22.477	Notification received from 00002acd-0000-1000-8000-00805f9b34fb, value: (0x) 84-24-2C-01-08-00-00-00-00-00-00-00-0C-00-0A-00-00
A	00:15:22.477	"Instantaneous Speed: 3.0 km/h
Total Distance: 8 m
Total Energy: 0 kcal
Energy Per Hour: 0 kcal
Energy Per Minute: 0 kcal
Elapsed Time: 12 s
Reserved Flags for Future Use: 0x2000" received
I	00:15:22.948	Notification received from 00002acd-0000-1000-8000-00805f9b34fb, value: (0x) 84-24-2C-01-08-00-00-00-00-00-00-00-0C-00-0B-00-00
A	00:15:22.948	"Instantaneous Speed: 3.0 km/h
Total Distance: 8 m
Total Energy: 0 kcal
Energy Per Hour: 0 kcal
Energy Per Minute: 0 kcal
Elapsed Time: 12 s
Reserved Flags for Future Use: 0x2000" received
I	00:15:23.428	Notification received from 00002acd-0000-1000-8000-00805f9b34fb, value: (0x) 84-24-2C-01-09-00-00-00-00-00-00-00-0D-00-0B-00-00
A	00:15:23.428	"Instantaneous Speed: 3.0 km/h
Total Distance: 9 m
Total Energy: 0 kcal
Energy Per Hour: 0 kcal
Energy Per Minute: 0 kcal
Elapsed Time: 13 s
Reserved Flags for Future Use: 0x2000" received
I	00:15:23.904	Notification received from 00002acd-0000-1000-8000-00805f9b34fb, value: (0x) 84-24-2C-01-09-00-00-00-00-00-00-00-0D-00-0C-00-00
A	00:15:23.904	"Instantaneous Speed: 3.0 km/h
Total Distance: 9 m
Total Energy: 0 kcal
Energy Per Hour: 0 kcal
Energy Per Minute: 0 kcal
Elapsed Time: 13 s
Reserved Flags for Future Use: 0x2000" received
I	00:15:24.345	Notification received from 00002acd-0000-1000-8000-00805f9b34fb, value: (0x) 84-24-2C-01-09-00-00-00-00-00-00-00-0D-00-0D-00-00
A	00:15:24.345	"Instantaneous Speed: 3.0 km/h
Total Distance: 9 m
Total Energy: 0 kcal
Energy Per Hour: 0 kcal
Energy Per Minute: 0 kcal
Elapsed Time: 13 s
Reserved Flags for Future Use: 0x2000" received
I	00:15:24.868	Notification received from 00002acd-0000-1000-8000-00805f9b34fb, value: (0x) 84-24-2C-01-0A-00-00-00-00-00-00-00-0E-00-0D-00-00
A	00:15:24.869	"Instantaneous Speed: 3.0 km/h
Total Distance: 10 m
Total Energy: 0 kcal
Energy Per Hour: 0 kcal
Energy Per Minute: 0 kcal
Elapsed Time: 14 s
Reserved Flags for Future Use: 0x2000" received
I	00:15:25.348	Notification received from 00002acd-0000-1000-8000-00805f9b34fb, value: (0x) 84-24-2C-01-0A-00-00-00-00-00-00-00-0E-00-0E-00-00
A	00:15:25.348	"Instantaneous Speed: 3.0 km/h
Total Distance: 10 m
Total Energy: 0 kcal
Energy Per Hour: 0 kcal
Energy Per Minute: 0 kcal
Elapsed Time: 14 s
Reserved Flags for Future Use: 0x2000" received
I	00:15:25.828	Notification received from 00002acd-0000-1000-8000-00805f9b34fb, value: (0x) 84-24-2C-01-0B-00-00-00-00-00-00-00-0F-00-0F-00-00
A	00:15:25.828	"Instantaneous Speed: 3.0 km/h
Total Distance: 11 m
Total Energy: 0 kcal
Energy Per Hour: 0 kcal
Energy Per Minute: 0 kcal
Elapsed Time: 15 s
Reserved Flags for Future Use: 0x2000" received
I	00:15:26.308	Notification received from 00002acd-0000-1000-8000-00805f9b34fb, value: (0x) 84-24-2C-01-0B-00-00-00-00-00-00-00-0F-00-10-00-00
A	00:15:26.308	"Instantaneous Speed: 3.0 km/h
Total Distance: 11 m
Total Energy: 0 kcal
Energy Per Hour: 0 kcal
Energy Per Minute: 0 kcal
Elapsed Time: 15 s
Reserved Flags for Future Use: 0x2000" received
I	00:15:26.746	Notification received from 00002acd-0000-1000-8000-00805f9b34fb, value: (0x) 84-24-2C-01-0C-00-00-00-00-00-00-00-10-00-11-00-00
A	00:15:26.747	"Instantaneous Speed: 3.0 km/h
Total Distance: 12 m
Total Energy: 0 kcal
Energy Per Hour: 0 kcal
Energy Per Minute: 0 kcal
Elapsed Time: 16 s
Reserved Flags for Future Use: 0x2000" received
I	00:15:27.267	Notification received from 00002acd-0000-1000-8000-00805f9b34fb, value: (0x) 84-24-2C-01-0C-00-00-00-00-00-00-00-10-00-12-00-00
A	00:15:27.267	"Instantaneous Speed: 3.0 km/h
Total Distance: 12 m
Total Energy: 0 kcal
Energy Per Hour: 0 kcal
Energy Per Minute: 0 kcal
Elapsed Time: 16 s
Reserved Flags for Future Use: 0x2000" received
I	00:15:27.747	Notification received from 00002acd-0000-1000-8000-00805f9b34fb, value: (0x) 84-24-2C-01-0D-00-00-00-00-00-00-00-11-00-12-00-00
A	00:15:27.747	"Instantaneous Speed: 3.0 km/h
Total Distance: 13 m
Total Energy: 0 kcal
Energy Per Hour: 0 kcal
Energy Per Minute: 0 kcal
Elapsed Time: 17 s
Reserved Flags for Future Use: 0x2000" received
I	00:15:28.185	Notification received from 00002acd-0000-1000-8000-00805f9b34fb, value: (0x) 84-24-2C-01-0D-00-00-00-00-00-00-00-11-00-13-00-00
A	00:15:28.185	"Instantaneous Speed: 3.0 km/h
Total Distance: 13 m
Total Energy: 0 kcal
Energy Per Hour: 0 kcal
Energy Per Minute: 0 kcal
Elapsed Time: 17 s
Reserved Flags for Future Use: 0x2000" received
I	00:15:28.708	Notification received from 00002acd-0000-1000-8000-00805f9b34fb, value: (0x) 84-24-2C-01-0D-00-00-00-00-00-00-00-12-00-14-00-00
A	00:15:28.708	"Instantaneous Speed: 3.0 km/h
Total Distance: 13 m
Total Energy: 0 kcal
Energy Per Hour: 0 kcal
Energy Per Minute: 0 kcal
Elapsed Time: 18 s
Reserved Flags for Future Use: 0x2000" received
I	00:15:29.207	Notification received from 00002acd-0000-1000-8000-00805f9b34fb, value: (0x) 84-24-2C-01-0D-00-00-00-00-00-00-00-12-00-15-00-00
A	00:15:29.207	"Instantaneous Speed: 3.0 km/h
Total Distance: 13 m
Total Energy: 0 kcal
Energy Per Hour: 0 kcal
Energy Per Minute: 0 kcal
Elapsed Time: 18 s
Reserved Flags for Future Use: 0x2000" received
I	00:15:29.668	Notification received from 00002acd-0000-1000-8000-00805f9b34fb, value: (0x) 84-24-2C-01-0E-00-00-00-00-00-00-00-13-00-16-00-00
A	00:15:29.668	"Instantaneous Speed: 3.0 km/h
Total Distance: 14 m
Total Energy: 0 kcal
Energy Per Hour: 0 kcal
Energy Per Minute: 0 kcal
Elapsed Time: 19 s
Reserved Flags for Future Use: 0x2000" received
I	00:15:30.148	Notification received from 00002acd-0000-1000-8000-00805f9b34fb, value: (0x) 84-24-2C-01-0E-00-00-00-00-00-00-00-13-00-17-00-00
A	00:15:30.148	"Instantaneous Speed: 3.0 km/h
Total Distance: 14 m
Total Energy: 0 kcal
Energy Per Hour: 0 kcal
Energy Per Minute: 0 kcal
Elapsed Time: 19 s
Reserved Flags for Future Use: 0x2000" received
I	00:15:30.628	Notification received from 00002acd-0000-1000-8000-00805f9b34fb, value: (0x) 84-24-2C-01-0F-00-00-00-00-00-00-00-14-00-18-00-00
A	00:15:30.628	"Instantaneous Speed: 3.0 km/h
Total Distance: 15 m
Total Energy: 0 kcal
Energy Per Hour: 0 kcal
Energy Per Minute: 0 kcal
Elapsed Time: 20 s
Reserved Flags for Future Use: 0x2000" received
I	00:15:31.104	Notification received from 00002acd-0000-1000-8000-00805f9b34fb, value: (0x) 84-24-2C-01-0F-00-00-00-00-00-00-00-14-00-18-00-00
A	00:15:31.104	"Instantaneous Speed: 3.0 km/h
Total Distance: 15 m
Total Energy: 0 kcal
Energy Per Hour: 0 kcal
Energy Per Minute: 0 kcal
Elapsed Time: 20 s
Reserved Flags for Future Use: 0x2000" received
I	00:15:31.587	Notification received from 00002acd-0000-1000-8000-00805f9b34fb, value: (0x) 84-24-2C-01-10-00-00-00-00-00-00-00-15-00-19-00-00
A	00:15:31.587	"Instantaneous Speed: 3.0 km/h
Total Distance: 16 m
Total Energy: 0 kcal
Energy Per Hour: 0 kcal
Energy Per Minute: 0 kcal
Elapsed Time: 21 s
Reserved Flags for Future Use: 0x2000" received
I	00:15:32.067	Notification received from 00002acd-0000-1000-8000-00805f9b34fb, value: (0x) 84-24-2C-01-10-00-00-00-00-00-00-00-15-00-1A-00-00
A	00:15:32.068	"Instantaneous Speed: 3.0 km/h
Total Distance: 16 m
Total Energy: 0 kcal
Energy Per Hour: 0 kcal
Energy Per Minute: 0 kcal
Elapsed Time: 21 s
Reserved Flags for Future Use: 0x2000" received
I	00:15:32.548	Notification received from 00002acd-0000-1000-8000-00805f9b34fb, value: (0x) 84-24-2C-01-11-00-00-01-00-00-00-00-16-00-1B-00-00
A	00:15:32.548	"Instantaneous Speed: 3.0 km/h
Total Distance: 17 m
Total Energy: 1 kcal
Energy Per Hour: 0 kcal
Energy Per Minute: 0 kcal
Elapsed Time: 22 s
Reserved Flags for Future Use: 0x2000" received
I	00:15:33.028	Notification received from 00002acd-0000-1000-8000-00805f9b34fb, value: (0x) 84-24-2C-01-11-00-00-01-00-00-00-00-16-00-1C-00-00
A	00:15:33.028	"Instantaneous Speed: 3.0 km/h
Total Distance: 17 m
Total Energy: 1 kcal
Energy Per Hour: 0 kcal
Energy Per Minute: 0 kcal
Elapsed Time: 22 s
Reserved Flags for Future Use: 0x2000" received
I	00:15:33.508	Notification received from 00002acd-0000-1000-8000-00805f9b34fb, value: (0x) 84-24-2C-01-11-00-00-01-00-00-00-00-17-00-1C-00-00
A	00:15:33.508	"Instantaneous Speed: 3.0 km/h
Total Distance: 17 m
Total Energy: 1 kcal
Energy Per Hour: 0 kcal
Energy Per Minute: 0 kcal
Elapsed Time: 23 s
Reserved Flags for Future Use: 0x2000" received
I	00:15:33.988	Notification received from 00002acd-0000-1000-8000-00805f9b34fb, value: (0x) 84-24-2C-01-11-00-00-01-00-00-00-00-17-00-1D-00-00
A	00:15:33.988	"Instantaneous Speed: 3.0 km/h
Total Distance: 17 m
Total Energy: 1 kcal
Energy Per Hour: 0 kcal
Energy Per Minute: 0 kcal
Elapsed Time: 23 s
Reserved Flags for Future Use: 0x2000" received
I	00:15:34.468	Notification received from 00002acd-0000-1000-8000-00805f9b34fb, value: (0x) 84-24-2C-01-12-00-00-01-00-00-00-00-18-00-1E-00-00
A	00:15:34.468	"Instantaneous Speed: 3.0 km/h
Total Distance: 18 m
Total Energy: 1 kcal
Energy Per Hour: 0 kcal
Energy Per Minute: 0 kcal
Elapsed Time: 24 s
Reserved Flags for Future Use: 0x2000" received
I	00:15:34.947	Notification received from 00002acd-0000-1000-8000-00805f9b34fb, value: (0x) 84-24-2C-01-12-00-00-01-00-00-00-00-18-00-1F-00-00
A	00:15:34.947	"Instantaneous Speed: 3.0 km/h
Total Distance: 18 m
Total Energy: 1 kcal
Energy Per Hour: 0 kcal
Energy Per Minute: 0 kcal
Elapsed Time: 24 s
Reserved Flags for Future Use: 0x2000" received
I	00:15:35.427	Notification received from 00002acd-0000-1000-8000-00805f9b34fb, value: (0x) 84-24-2C-01-12-00-00-01-00-00-00-00-18-00-20-00-00
A	00:15:35.427	"Instantaneous Speed: 3.0 km/h
Total Distance: 18 m
Total Energy: 1 kcal
Energy Per Hour: 0 kcal
Energy Per Minute: 0 kcal
Elapsed Time: 24 s
Reserved Flags for Future Use: 0x2000" received
I	00:15:35.908	Notification received from 00002acd-0000-1000-8000-00805f9b34fb, value: (0x) 84-24-2C-01-13-00-00-01-00-00-00-00-19-00-20-00-00
A	00:15:35.908	"Instantaneous Speed: 3.0 km/h
Total Distance: 19 m
Total Energy: 1 kcal
Energy Per Hour: 0 kcal
Energy Per Minute: 0 kcal
Elapsed Time: 25 s
Reserved Flags for Future Use: 0x2000" received
I	00:15:36.388	Notification received from 00002acd-0000-1000-8000-00805f9b34fb, value: (0x) 84-24-2C-01-13-00-00-01-00-00-00-00-19-00-21-00-00
A	00:15:36.388	"Instantaneous Speed: 3.0 km/h
Total Distance: 19 m
Total Energy: 1 kcal
Energy Per Hour: 0 kcal
Energy Per Minute: 0 kcal
Elapsed Time: 25 s
Reserved Flags for Future Use: 0x2000" received
I	00:15:36.867	Notification received from 00002acd-0000-1000-8000-00805f9b34fb, value: (0x) 84-24-2C-01-14-00-00-01-00-00-00-00-1A-00-22-00-00
A	00:15:36.867	"Instantaneous Speed: 3.0 km/h
Total Distance: 20 m
Total Energy: 1 kcal
Energy Per Hour: 0 kcal
Energy Per Minute: 0 kcal
Elapsed Time: 26 s
Reserved Flags for Future Use: 0x2000" received
I	00:15:37.346	Notification received from 00002acd-0000-1000-8000-00805f9b34fb, value: (0x) 84-24-2C-01-14-00-00-01-00-00-00-00-1A-00-23-00-00
A	00:15:37.346	"Instantaneous Speed: 3.0 km/h
Total Distance: 20 m
Total Energy: 1 kcal
Energy Per Hour: 0 kcal
Energy Per Minute: 0 kcal
Elapsed Time: 26 s
Reserved Flags for Future Use: 0x2000" received
I	00:15:37.827	Notification received from 00002acd-0000-1000-8000-00805f9b34fb, value: (0x) 84-24-2C-01-15-00-00-01-00-00-00-00-1B-00-24-00-00
A	00:15:37.827	"Instantaneous Speed: 3.0 km/h
Total Distance: 21 m
Total Energy: 1 kcal
Energy Per Hour: 0 kcal
Energy Per Minute: 0 kcal
Elapsed Time: 27 s
Reserved Flags for Future Use: 0x2000" received
I	00:15:38.308	Notification received from 00002acd-0000-1000-8000-00805f9b34fb, value: (0x) 84-24-2C-01-15-00-00-01-00-00-00-00-1B-00-24-00-00
A	00:15:38.308	"Instantaneous Speed: 3.0 km/h
Total Distance: 21 m
Total Energy: 1 kcal
Energy Per Hour: 0 kcal
Energy Per Minute: 0 kcal
Elapsed Time: 27 s
Reserved Flags for Future Use: 0x2000" received
I	00:15:38.788	Notification received from 00002acd-0000-1000-8000-00805f9b34fb, value: (0x) 84-24-2C-01-16-00-00-01-00-00-00-00-1C-00-25-00-00
A	00:15:38.788	"Instantaneous Speed: 3.0 km/h
Total Distance: 22 m
Total Energy: 1 kcal
Energy Per Hour: 0 kcal
Energy Per Minute: 0 kcal
Elapsed Time: 28 s
Reserved Flags for Future Use: 0x2000" received
I	00:15:39.268	Notification received from 00002acd-0000-1000-8000-00805f9b34fb, value: (0x) 84-24-2C-01-16-00-00-01-00-00-00-00-1C-00-26-00-00
A	00:15:39.268	"Instantaneous Speed: 3.0 km/h
Total Distance: 22 m
Total Energy: 1 kcal
Energy Per Hour: 0 kcal
Energy Per Minute: 0 kcal
Elapsed Time: 28 s
Reserved Flags for Future Use: 0x2000" received
I	00:15:39.717	Notification received from 00002acd-0000-1000-8000-00805f9b34fb, value: (0x) 84-24-2C-01-16-00-00-01-00-00-00-00-1D-00-27-00-00
A	00:15:39.717	"Instantaneous Speed: 3.0 km/h
Total Distance: 22 m
Total Energy: 1 kcal
Energy Per Hour: 0 kcal
Energy Per Minute: 0 kcal
Elapsed Time: 29 s
Reserved Flags for Future Use: 0x2000" received
I	00:15:40.225	Notification received from 00002acd-0000-1000-8000-00805f9b34fb, value: (0x) 84-24-2C-01-16-00-00-01-00-00-00-00-1D-00-27-00-00
A	00:15:40.226	"Instantaneous Speed: 3.0 km/h
Total Distance: 22 m
Total Energy: 1 kcal
Energy Per Hour: 0 kcal
Energy Per Minute: 0 kcal
Elapsed Time: 29 s
Reserved Flags for Future Use: 0x2000" received
I	00:15:40.706	Notification received from 00002acd-0000-1000-8000-00805f9b34fb, value: (0x) 84-24-2C-01-17-00-00-01-00-00-00-00-1E-00-28-00-00
A	00:15:40.706	"Instantaneous Speed: 3.0 km/h
Total Distance: 23 m
Total Energy: 1 kcal
Energy Per Hour: 0 kcal
Energy Per Minute: 0 kcal
Elapsed Time: 30 s
Reserved Flags for Future Use: 0x2000" received
I	00:15:41.187	Notification received from 00002acd-0000-1000-8000-00805f9b34fb, value: (0x) 84-24-2C-01-17-00-00-01-00-00-00-00-1E-00-29-00-00
A	00:15:41.187	"Instantaneous Speed: 3.0 km/h
Total Distance: 23 m
Total Energy: 1 kcal
Energy Per Hour: 0 kcal
Energy Per Minute: 0 kcal
Elapsed Time: 30 s
Reserved Flags for Future Use: 0x2000" received
I	00:15:41.667	Notification received from 00002acd-0000-1000-8000-00805f9b34fb, value: (0x) 84-24-2C-01-18-00-00-01-00-00-00-00-1F-00-2A-00-00
A	00:15:41.667	"Instantaneous Speed: 3.0 km/h
Total Distance: 24 m
Total Energy: 1 kcal
Energy Per Hour: 0 kcal
Energy Per Minute: 0 kcal
Elapsed Time: 31 s
Reserved Flags for Future Use: 0x2000" received
I	00:15:42.148	Notification received from 00002acd-0000-1000-8000-00805f9b34fb, value: (0x) 84-24-2C-01-18-00-00-01-00-00-00-00-1F-00-2B-00-00
A	00:15:42.148	"Instantaneous Speed: 3.0 km/h
Total Distance: 24 m
Total Energy: 1 kcal
Energy Per Hour: 0 kcal
Energy Per Minute: 0 kcal
Elapsed Time: 31 s
Reserved Flags for Future Use: 0x2000" received
I	00:15:42.627	Notification received from 00002acd-0000-1000-8000-00805f9b34fb, value: (0x) 84-24-2C-01-19-00-00-01-00-00-00-00-20-00-2B-00-00
A	00:15:42.627	"Instantaneous Speed: 3.0 km/h
Total Distance: 25 m
Total Energy: 1 kcal
Energy Per Hour: 0 kcal
Energy Per Minute: 0 kcal
Elapsed Time: 32 s
Reserved Flags for Future Use: 0x2000" received
I	00:15:43.107	Notification received from 00002acd-0000-1000-8000-00805f9b34fb, value: (0x) 84-24-2C-01-19-00-00-01-00-00-00-00-20-00-2C-00-00
A	00:15:43.107	"Instantaneous Speed: 3.0 km/h
Total Distance: 25 m
Total Energy: 1 kcal
Energy Per Hour: 0 kcal
Energy Per Minute: 0 kcal
Elapsed Time: 32 s
Reserved Flags for Future Use: 0x2000" received
I	00:15:43.589	Notification received from 00002acd-0000-1000-8000-00805f9b34fb, value: (0x) 84-24-2C-01-1A-00-00-01-00-00-00-00-21-00-2D-00-00
A	00:15:43.589	"Instantaneous Speed: 3.0 km/h
Total Distance: 26 m
Total Energy: 1 kcal
Energy Per Hour: 0 kcal
Energy Per Minute: 0 kcal
Elapsed Time: 33 s
Reserved Flags for Future Use: 0x2000" received
I	00:15:44.067	Notification received from 00002acd-0000-1000-8000-00805f9b34fb, value: (0x) 84-24-2C-01-1A-00-00-01-00-00-00-00-21-00-2E-00-00
A	00:15:44.067	"Instantaneous Speed: 3.0 km/h
Total Distance: 26 m
Total Energy: 1 kcal
Energy Per Hour: 0 kcal
Energy Per Minute: 0 kcal
Elapsed Time: 33 s
Reserved Flags for Future Use: 0x2000" received
I	00:15:44.548	Notification received from 00002acd-0000-1000-8000-00805f9b34fb, value: (0x) 84-24-2C-01-1B-00-00-01-00-00-00-00-22-00-2E-00-00
A	00:15:44.548	"Instantaneous Speed: 3.0 km/h
Total Distance: 27 m
Total Energy: 1 kcal
Energy Per Hour: 0 kcal
Energy Per Minute: 0 kcal
Elapsed Time: 34 s
Reserved Flags for Future Use: 0x2000" received
I	00:15:45.028	Notification received from 00002acd-0000-1000-8000-00805f9b34fb, value: (0x) 84-24-2C-01-1B-00-00-01-00-00-00-00-22-00-2F-00-00
A	00:15:45.028	"Instantaneous Speed: 3.0 km/h
Total Distance: 27 m
Total Energy: 1 kcal
Energy Per Hour: 0 kcal
Energy Per Minute: 0 kcal
Elapsed Time: 34 s
Reserved Flags for Future Use: 0x2000" received
I	00:15:45.508	Notification received from 00002acd-0000-1000-8000-00805f9b34fb, value: (0x) 84-24-2C-01-1B-00-00-01-00-00-00-00-23-00-30-00-00
A	00:15:45.508	"Instantaneous Speed: 3.0 km/h
Total Distance: 27 m
Total Energy: 1 kcal
Energy Per Hour: 0 kcal
Energy Per Minute: 0 kcal
Elapsed Time: 35 s
Reserved Flags for Future Use: 0x2000" received
I	00:15:45.987	Notification received from 00002acd-0000-1000-8000-00805f9b34fb, value: (0x) 84-24-2C-01-1B-00-00-01-00-00-00-00-23-00-31-00-00
A	00:15:45.987	"Instantaneous Speed: 3.0 km/h
Total Distance: 27 m
Total Energy: 1 kcal
Energy Per Hour: 0 kcal
Energy Per Minute: 0 kcal
Elapsed Time: 35 s
Reserved Flags for Future Use: 0x2000" received
I	00:15:46.468	Notification received from 00002acd-0000-1000-8000-00805f9b34fb, value: (0x) 84-24-2C-01-1B-00-00-01-00-00-00-00-23-00-32-00-00
A	00:15:46.468	"Instantaneous Speed: 3.0 km/h
Total Distance: 27 m
Total Energy: 1 kcal
Energy Per Hour: 0 kcal
Energy Per Minute: 0 kcal
Elapsed Time: 35 s
Reserved Flags for Future Use: 0x2000" received
I	00:15:46.947	Notification received from 00002acd-0000-1000-8000-00805f9b34fb, value: (0x) 84-24-2C-01-1C-00-00-01-00-00-00-00-24-00-32-00-00
A	00:15:46.947	"Instantaneous Speed: 3.0 km/h
Total Distance: 28 m
Total Energy: 1 kcal
Energy Per Hour: 0 kcal
Energy Per Minute: 0 kcal
Elapsed Time: 36 s
Reserved Flags for Future Use: 0x2000" received
I	00:15:47.427	Notification received from 00002acd-0000-1000-8000-00805f9b34fb, value: (0x) 84-24-2C-01-1C-00-00-01-00-00-00-00-24-00-33-00-00
A	00:15:47.427	"Instantaneous Speed: 3.0 km/h
Total Distance: 28 m
Total Energy: 1 kcal
Energy Per Hour: 0 kcal
Energy Per Minute: 0 kcal
Elapsed Time: 36 s
Reserved Flags for Future Use: 0x2000" received
I	00:15:47.906	Notification received from 00002acd-0000-1000-8000-00805f9b34fb, value: (0x) 84-24-2C-01-1D-00-00-01-00-00-00-00-25-00-34-00-00
A	00:15:47.906	"Instantaneous Speed: 3.0 km/h
Total Distance: 29 m
Total Energy: 1 kcal
Energy Per Hour: 0 kcal
Energy Per Minute: 0 kcal
Elapsed Time: 37 s
Reserved Flags for Future Use: 0x2000" received
I	00:15:48.388	Notification received from 00002acd-0000-1000-8000-00805f9b34fb, value: (0x) 84-24-2C-01-1D-00-00-01-00-00-00-00-25-00-35-00-00
A	00:15:48.388	"Instantaneous Speed: 3.0 km/h
Total Distance: 29 m
Total Energy: 1 kcal
Energy Per Hour: 0 kcal
Energy Per Minute: 0 kcal
Elapsed Time: 37 s
Reserved Flags for Future Use: 0x2000" received
I	00:15:48.867	Notification received from 00002acd-0000-1000-8000-00805f9b34fb, value: (0x) 84-24-2C-01-1E-00-00-01-00-00-00-00-26-00-35-00-00
A	00:15:48.867	"Instantaneous Speed: 3.0 km/h
Total Distance: 30 m
Total Energy: 1 kcal
Energy Per Hour: 0 kcal
Energy Per Minute: 0 kcal
Elapsed Time: 38 s
Reserved Flags for Future Use: 0x2000" received
I	00:15:49.348	Notification received from 00002acd-0000-1000-8000-00805f9b34fb, value: (0x) 84-24-2C-01-1E-00-00-01-00-00-00-00-26-00-36-00-00
A	00:15:49.348	"Instantaneous Speed: 3.0 km/h
Total Distance: 30 m
Total Energy: 1 kcal
Energy Per Hour: 0 kcal
Energy Per Minute: 0 kcal
Elapsed Time: 38 s
Reserved Flags for Future Use: 0x2000" received
I	00:15:49.829	Notification received from 00002acd-0000-1000-8000-00805f9b34fb, value: (0x) 84-24-2C-01-1F-00-00-01-00-00-00-00-27-00-37-00-00
A	00:15:49.829	"Instantaneous Speed: 3.0 km/h
Total Distance: 31 m
Total Energy: 1 kcal
Energy Per Hour: 0 kcal
Energy Per Minute: 0 kcal
Elapsed Time: 39 s
Reserved Flags for Future Use: 0x2000" received
I	00:15:50.308	Notification received from 00002acd-0000-1000-8000-00805f9b34fb, value: (0x) 84-24-2C-01-1F-00-00-01-00-00-00-00-27-00-38-00-00
A	00:15:50.309	"Instantaneous Speed: 3.0 km/h
Total Distance: 31 m
Total Energy: 1 kcal
Energy Per Hour: 0 kcal
Energy Per Minute: 0 kcal
Elapsed Time: 39 s
Reserved Flags for Future Use: 0x2000" received
I	00:15:50.790	Notification received from 00002acd-0000-1000-8000-00805f9b34fb, value: (0x) 84-24-2C-01-20-00-00-01-00-00-00-00-28-00-38-00-00
A	00:15:50.790	"Instantaneous Speed: 3.0 km/h
Total Distance: 32 m
Total Energy: 1 kcal
Energy Per Hour: 0 kcal
Energy Per Minute: 0 kcal
Elapsed Time: 40 s
Reserved Flags for Future Use: 0x2000" received
I	00:15:51.268	Notification received from 00002acd-0000-1000-8000-00805f9b34fb, value: (0x) 84-24-2C-01-20-00-00-01-00-00-00-00-28-00-39-00-00
A	00:15:51.268	"Instantaneous Speed: 3.0 km/h
Total Distance: 32 m
Total Energy: 1 kcal
Energy Per Hour: 0 kcal
Energy Per Minute: 0 kcal
Elapsed Time: 40 s
Reserved Flags for Future Use: 0x2000" received
I	00:15:51.748	Notification received from 00002acd-0000-1000-8000-00805f9b34fb, value: (0x) 84-24-2C-01-20-00-00-01-00-00-00-00-29-00-3A-00-00
A	00:15:51.748	"Instantaneous Speed: 3.0 km/h
Total Distance: 32 m
Total Energy: 1 kcal
Energy Per Hour: 0 kcal
Energy Per Minute: 0 kcal
Elapsed Time: 41 s
Reserved Flags for Future Use: 0x2000" received
I	00:15:52.215	Notification received from 00002acd-0000-1000-8000-00805f9b34fb, value: (0x) 84-24-2C-01-20-00-00-01-00-00-00-00-29-00-3B-00-00
A	00:15:52.215	"Instantaneous Speed: 3.0 km/h
Total Distance: 32 m
Total Energy: 1 kcal
Energy Per Hour: 0 kcal
Energy Per Minute: 0 kcal
Elapsed Time: 41 s
Reserved Flags for Future Use: 0x2000" received
I	00:15:52.665	Notification received from 00002acd-0000-1000-8000-00805f9b34fb, value: (0x) 84-24-2C-01-21-00-00-01-00-00-00-00-2A-00-3B-00-00
A	00:15:52.665	"Instantaneous Speed: 3.0 km/h
Total Distance: 33 m
Total Energy: 1 kcal
Energy Per Hour: 0 kcal
Energy Per Minute: 0 kcal
Elapsed Time: 42 s
Reserved Flags for Future Use: 0x2000" received
I	00:15:53.185	Notification received from 00002acd-0000-1000-8000-00805f9b34fb, value: (0x) 84-24-2C-01-21-00-00-01-00-00-00-00-2A-00-3C-00-00
A	00:15:53.185	"Instantaneous Speed: 3.0 km/h
Total Distance: 33 m
Total Energy: 1 kcal
Energy Per Hour: 0 kcal
Energy Per Minute: 0 kcal
Elapsed Time: 42 s
Reserved Flags for Future Use: 0x2000" received
I	00:15:53.667	Notification received from 00002acd-0000-1000-8000-00805f9b34fb, value: (0x) 84-24-2C-01-22-00-00-02-00-00-00-00-2B-00-3D-00-00
A	00:15:53.667	"Instantaneous Speed: 3.0 km/h
Total Distance: 34 m
Total Energy: 2 kcal
Energy Per Hour: 0 kcal
Energy Per Minute: 0 kcal
Elapsed Time: 43 s
Reserved Flags for Future Use: 0x2000" received
I	00:15:54.147	Notification received from 00002acd-0000-1000-8000-00805f9b34fb, value: (0x) 84-24-2C-01-22-00-00-02-00-00-00-00-2B-00-3E-00-00
A	00:15:54.147	"Instantaneous Speed: 3.0 km/h
Total Distance: 34 m
Total Energy: 2 kcal
Energy Per Hour: 0 kcal
Energy Per Minute: 0 kcal
Elapsed Time: 43 s
Reserved Flags for Future Use: 0x2000" received
I	00:15:54.627	Notification received from 00002acd-0000-1000-8000-00805f9b34fb, value: (0x) 84-24-2C-01-23-00-00-02-00-00-00-00-2C-00-3F-00-00
A	00:15:54.627	"Instantaneous Speed: 3.0 km/h
Total Distance: 35 m
Total Energy: 2 kcal
Energy Per Hour: 0 kcal
Energy Per Minute: 0 kcal
Elapsed Time: 44 s
Reserved Flags for Future Use: 0x2000" received
I	00:15:55.106	Notification received from 00002acd-0000-1000-8000-00805f9b34fb, value: (0x) 84-24-2C-01-23-00-00-02-00-00-00-00-2C-00-3F-00-00
A	00:15:55.107	"Instantaneous Speed: 3.0 km/h
Total Distance: 35 m
Total Energy: 2 kcal
Energy Per Hour: 0 kcal
Energy Per Minute: 0 kcal
Elapsed Time: 44 s
Reserved Flags for Future Use: 0x2000" received
I	00:15:55.587	Notification received from 00002acd-0000-1000-8000-00805f9b34fb, value: (0x) 84-24-2C-01-24-00-00-02-00-00-00-00-2D-00-40-00-00
A	00:15:55.587	"Instantaneous Speed: 3.0 km/h
Total Distance: 36 m
Total Energy: 2 kcal
Energy Per Hour: 0 kcal
Energy Per Minute: 0 kcal
Elapsed Time: 45 s
Reserved Flags for Future Use: 0x2000" received
I	00:15:56.067	Notification received from 00002acd-0000-1000-8000-00805f9b34fb, value: (0x) 84-24-2C-01-24-00-00-02-00-00-00-00-2D-00-41-00-00
A	00:15:56.067	"Instantaneous Speed: 3.0 km/h
Total Distance: 36 m
Total Energy: 2 kcal
Energy Per Hour: 0 kcal
Energy Per Minute: 0 kcal
Elapsed Time: 45 s
Reserved Flags for Future Use: 0x2000" received
I	00:15:56.547	Notification received from 00002acd-0000-1000-8000-00805f9b34fb, value: (0x) 84-24-2C-01-25-00-00-02-00-00-00-00-2E-00-41-00-00
A	00:15:56.547	"Instantaneous Speed: 3.0 km/h
Total Distance: 37 m
Total Energy: 2 kcal
Energy Per Hour: 0 kcal
Energy Per Minute: 0 kcal
Elapsed Time: 46 s
Reserved Flags for Future Use: 0x2000" received
I	00:15:57.027	Notification received from 00002acd-0000-1000-8000-00805f9b34fb, value: (0x) 84-24-2C-01-25-00-00-02-00-00-00-00-2E-00-42-00-00
A	00:15:57.027	"Instantaneous Speed: 3.0 km/h
Total Distance: 37 m
Total Energy: 2 kcal
Energy Per Hour: 0 kcal
Energy Per Minute: 0 kcal
Elapsed Time: 46 s
Reserved Flags for Future Use: 0x2000" received
I	00:15:57.508	Notification received from 00002acd-0000-1000-8000-00805f9b34fb, value: (0x) 84-24-2C-01-25-00-00-02-00-00-00-00-2E-00-43-00-00
A	00:15:57.508	"Instantaneous Speed: 3.0 km/h
Total Distance: 37 m
Total Energy: 2 kcal
Energy Per Hour: 0 kcal
Energy Per Minute: 0 kcal
Elapsed Time: 46 s
Reserved Flags for Future Use: 0x2000" received
I	00:15:57.987	Notification received from 00002acd-0000-1000-8000-00805f9b34fb, value: (0x) 84-24-2C-01-25-00-00-02-00-00-00-00-2F-00-44-00-00
A	00:15:57.987	"Instantaneous Speed: 3.0 km/h
Total Distance: 37 m
Total Energy: 2 kcal
Energy Per Hour: 0 kcal
Energy Per Minute: 0 kcal
Elapsed Time: 47 s
Reserved Flags for Future Use: 0x2000" received
I	00:15:58.468	Notification received from 00002acd-0000-1000-8000-00805f9b34fb, value: (0x) 84-24-2C-01-25-00-00-02-00-00-00-00-2F-00-45-00-00
A	00:15:58.468	"Instantaneous Speed: 3.0 km/h
Total Distance: 37 m
Total Energy: 2 kcal
Energy Per Hour: 0 kcal
Energy Per Minute: 0 kcal
Elapsed Time: 47 s
Reserved Flags for Future Use: 0x2000" received
I	00:15:58.948	Notification received from 00002acd-0000-1000-8000-00805f9b34fb, value: (0x) 84-24-2C-01-26-00-00-02-00-00-00-00-30-00-45-00-00
A	00:15:58.948	"Instantaneous Speed: 3.0 km/h
Total Distance: 38 m
Total Energy: 2 kcal
Energy Per Hour: 0 kcal
Energy Per Minute: 0 kcal
Elapsed Time: 48 s
Reserved Flags for Future Use: 0x2000" received
I	00:15:59.428	Notification received from 00002acd-0000-1000-8000-00805f9b34fb, value: (0x) 84-24-2C-01-26-00-00-02-00-00-00-00-30-00-46-00-00
A	00:15:59.428	"Instantaneous Speed: 3.0 km/h
Total Distance: 38 m
Total Energy: 2 kcal
Energy Per Hour: 0 kcal
Energy Per Minute: 0 kcal
Elapsed Time: 48 s
Reserved Flags for Future Use: 0x2000" received
I	00:15:59.908	Notification received from 00002acd-0000-1000-8000-00805f9b34fb, value: (0x) 84-24-2C-01-27-00-00-02-00-00-00-00-31-00-47-00-00
A	00:15:59.908	"Instantaneous Speed: 3.0 km/h
Total Distance: 39 m
Total Energy: 2 kcal
Energy Per Hour: 0 kcal
Energy Per Minute: 0 kcal
Elapsed Time: 49 s
Reserved Flags for Future Use: 0x2000" received
I	00:16:00.387	Notification received from 00002acd-0000-1000-8000-00805f9b34fb, value: (0x) 84-24-2C-01-27-00-00-02-00-00-00-00-31-00-48-00-00
A	00:16:00.387	"Instantaneous Speed: 3.0 km/h
Total Distance: 39 m
Total Energy: 2 kcal
Energy Per Hour: 0 kcal
Energy Per Minute: 0 kcal
Elapsed Time: 49 s
Reserved Flags for Future Use: 0x2000" received
I	00:16:00.826	Notification received from 00002acd-0000-1000-8000-00805f9b34fb, value: (0x) 84-24-2C-01-28-00-00-02-00-00-00-00-32-00-49-00-00
A	00:16:00.826	"Instantaneous Speed: 3.0 km/h
Total Distance: 40 m
Total Energy: 2 kcal
Energy Per Hour: 0 kcal
Energy Per Minute: 0 kcal
Elapsed Time: 50 s
Reserved Flags for Future Use: 0x2000" received
I	00:16:01.347	Notification received from 00002acd-0000-1000-8000-00805f9b34fb, value: (0x) 84-24-2C-01-28-00-00-02-00-00-00-00-32-00-49-00-00
A	00:16:01.348	"Instantaneous Speed: 3.0 km/h
Total Distance: 40 m
Total Energy: 2 kcal
Energy Per Hour: 0 kcal
Energy Per Minute: 0 kcal
Elapsed Time: 50 s
Reserved Flags for Future Use: 0x2000" received
I	00:16:01.843	Notification received from 00002acd-0000-1000-8000-00805f9b34fb, value: (0x) 84-24-2C-01-29-00-00-02-00-00-00-00-33-00-4A-00-00
A	00:16:01.843	"Instantaneous Speed: 3.0 km/h
Total Distance: 41 m
Total Energy: 2 kcal
Energy Per Hour: 0 kcal
Energy Per Minute: 0 kcal
Elapsed Time: 51 s
Reserved Flags for Future Use: 0x2000" received
I	00:16:02.266	Notification received from 00002acd-0000-1000-8000-00805f9b34fb, value: (0x) 84-24-2C-01-29-00-00-02-00-00-00-00-33-00-4B-00-00
A	00:16:02.266	"Instantaneous Speed: 3.0 km/h
Total Distance: 41 m
Total Energy: 2 kcal
Energy Per Hour: 0 kcal
Energy Per Minute: 0 kcal
Elapsed Time: 51 s
Reserved Flags for Future Use: 0x2000" received
I	00:16:02.787	Notification received from 00002acd-0000-1000-8000-00805f9b34fb, value: (0x) 84-24-2C-01-2A-00-00-02-00-00-00-00-34-00-4C-00-00
A	00:16:02.787	"Instantaneous Speed: 3.0 km/h
Total Distance: 42 m
Total Energy: 2 kcal
Energy Per Hour: 0 kcal
Energy Per Minute: 0 kcal
Elapsed Time: 52 s
Reserved Flags for Future Use: 0x2000" received
I	00:16:03.267	Notification received from 00002acd-0000-1000-8000-00805f9b34fb, value: (0x) 84-24-2C-01-2A-00-00-02-00-00-00-00-34-00-4C-00-00
A	00:16:03.267	"Instantaneous Speed: 3.0 km/h
Total Distance: 42 m
Total Energy: 2 kcal
Energy Per Hour: 0 kcal
Energy Per Minute: 0 kcal
Elapsed Time: 52 s
Reserved Flags for Future Use: 0x2000" received
I	00:16:03.747	Notification received from 00002acd-0000-1000-8000-00805f9b34fb, value: (0x) 84-24-2C-01-2A-00-00-02-00-00-00-00-35-00-4D-00-00
A	00:16:03.747	"Instantaneous Speed: 3.0 km/h
Total Distance: 42 m
Total Energy: 2 kcal
Energy Per Hour: 0 kcal
Energy Per Minute: 0 kcal
Elapsed Time: 53 s
Reserved Flags for Future Use: 0x2000" received
I	00:16:04.225	Notification received from 00002acd-0000-1000-8000-00805f9b34fb, value: (0x) 84-24-2C-01-2A-00-00-02-00-00-00-00-35-00-4E-00-00
A	00:16:04.225	"Instantaneous Speed: 3.0 km/h
Total Distance: 42 m
Total Energy: 2 kcal
Energy Per Hour: 0 kcal
Energy Per Minute: 0 kcal
Elapsed Time: 53 s
Reserved Flags for Future Use: 0x2000" received
I	00:16:04.708	Notification received from 00002acd-0000-1000-8000-00805f9b34fb, value: (0x) 84-24-2C-01-2B-00-00-02-00-00-00-00-36-00-4F-00-00
A	00:16:04.708	"Instantaneous Speed: 3.0 km/h
Total Distance: 43 m
Total Energy: 2 kcal
Energy Per Hour: 0 kcal
Energy Per Minute: 0 kcal
Elapsed Time: 54 s
Reserved Flags for Future Use: 0x2000" received
I	00:16:05.187	Notification received from 00002acd-0000-1000-8000-00805f9b34fb, value: (0x) 84-24-2C-01-2B-00-00-02-00-00-00-00-36-00-4F-00-00
A	00:16:05.188	"Instantaneous Speed: 3.0 km/h
Total Distance: 43 m
Total Energy: 2 kcal
Energy Per Hour: 0 kcal
Energy Per Minute: 0 kcal
Elapsed Time: 54 s
Reserved Flags for Future Use: 0x2000" received
I	00:16:05.668	Notification received from 00002acd-0000-1000-8000-00805f9b34fb, value: (0x) 84-24-2C-01-2C-00-00-02-00-00-00-00-37-00-50-00-00
A	00:16:05.669	"Instantaneous Speed: 3.0 km/h
Total Distance: 44 m
Total Energy: 2 kcal
Energy Per Hour: 0 kcal
Energy Per Minute: 0 kcal
Elapsed Time: 55 s
Reserved Flags for Future Use: 0x2000" received
I	00:16:06.148	Notification received from 00002acd-0000-1000-8000-00805f9b34fb, value: (0x) 84-24-2C-01-2C-00-00-02-00-00-00-00-37-00-51-00-00
A	00:16:06.148	"Instantaneous Speed: 3.0 km/h
Total Distance: 44 m
Total Energy: 2 kcal
Energy Per Hour: 0 kcal
Energy Per Minute: 0 kcal
Elapsed Time: 55 s
Reserved Flags for Future Use: 0x2000" received
I	00:16:06.628	Notification received from 00002acd-0000-1000-8000-00805f9b34fb, value: (0x) 84-24-2C-01-2D-00-00-02-00-00-00-00-38-00-52-00-00
A	00:16:06.628	"Instantaneous Speed: 3.0 km/h
Total Distance: 45 m
Total Energy: 2 kcal
Energy Per Hour: 0 kcal
Energy Per Minute: 0 kcal
Elapsed Time: 56 s
Reserved Flags for Future Use: 0x2000" received
I	00:16:07.107	Notification received from 00002acd-0000-1000-8000-00805f9b34fb, value: (0x) 84-24-2C-01-2D-00-00-02-00-00-00-00-38-00-52-00-00
A	00:16:07.108	"Instantaneous Speed: 3.0 km/h
Total Distance: 45 m
Total Energy: 2 kcal
Energy Per Hour: 0 kcal
Energy Per Minute: 0 kcal
Elapsed Time: 56 s
Reserved Flags for Future Use: 0x2000" received
I	00:16:07.589	Notification received from 00002acd-0000-1000-8000-00805f9b34fb, value: (0x) 84-24-2C-01-2E-00-00-02-00-00-00-00-39-00-53-00-00
A	00:16:07.589	"Instantaneous Speed: 3.0 km/h
Total Distance: 46 m
Total Energy: 2 kcal
Energy Per Hour: 0 kcal
Energy Per Minute: 0 kcal
Elapsed Time: 57 s
Reserved Flags for Future Use: 0x2000" received
I	00:16:08.068	Notification received from 00002acd-0000-1000-8000-00805f9b34fb, value: (0x) 84-24-2C-01-2E-00-00-02-00-00-00-00-39-00-54-00-00
A	00:16:08.068	"Instantaneous Speed: 3.0 km/h
Total Distance: 46 m
Total Energy: 2 kcal
Energy Per Hour: 0 kcal
Energy Per Minute: 0 kcal
Elapsed Time: 57 s
Reserved Flags for Future Use: 0x2000" received
I	00:16:08.548	Notification received from 00002acd-0000-1000-8000-00805f9b34fb, value: (0x) 84-24-2C-01-2E-00-00-02-00-00-00-00-39-00-55-00-00
A	00:16:08.548	"Instantaneous Speed: 3.0 km/h
Total Distance: 46 m
Total Energy: 2 kcal
Energy Per Hour: 0 kcal
Energy Per Minute: 0 kcal
Elapsed Time: 57 s
Reserved Flags for Future Use: 0x2000" received
I	00:16:09.027	Notification received from 00002acd-0000-1000-8000-00805f9b34fb, value: (0x) 84-24-2C-01-2F-00-00-02-00-00-00-00-3A-00-56-00-00
A	00:16:09.027	"Instantaneous Speed: 3.0 km/h
Total Distance: 47 m
Total Energy: 2 kcal
Energy Per Hour: 0 kcal
Energy Per Minute: 0 kcal
Elapsed Time: 58 s
Reserved Flags for Future Use: 0x2000" received
I	00:16:09.507	Notification received from 00002acd-0000-1000-8000-00805f9b34fb, value: (0x) 84-24-2C-01-2F-00-00-02-00-00-00-00-3A-00-56-00-00
A	00:16:09.507	"Instantaneous Speed: 3.0 km/h
Total Distance: 47 m
Total Energy: 2 kcal
Energy Per Hour: 0 kcal
Energy Per Minute: 0 kcal
Elapsed Time: 58 s
Reserved Flags for Future Use: 0x2000" received
I	00:16:09.945	Notification received from 00002acd-0000-1000-8000-00805f9b34fb, value: (0x) 84-24-2C-01-2F-00-00-02-00-00-00-00-3B-00-57-00-00
A	00:16:09.945	"Instantaneous Speed: 3.0 km/h
Total Distance: 47 m
Total Energy: 2 kcal
Energy Per Hour: 0 kcal
Energy Per Minute: 0 kcal
Elapsed Time: 59 s
Reserved Flags for Future Use: 0x2000" received
I	00:16:10.426	Notification received from 00002acd-0000-1000-8000-00805f9b34fb, value: (0x) 84-24-2C-01-2F-00-00-02-00-00-00-00-3B-00-58-00-00
A	00:16:10.426	"Instantaneous Speed: 3.0 km/h
Total Distance: 47 m
Total Energy: 2 kcal
Energy Per Hour: 0 kcal
Energy Per Minute: 0 kcal
Elapsed Time: 59 s
Reserved Flags for Future Use: 0x2000" received
I	00:16:10.942	Notification received from 00002acd-0000-1000-8000-00805f9b34fb, value: (0x) 84-24-2C-01-30-00-00-02-00-00-00-00-3C-00-59-00-00
A	00:16:10.942	"Instantaneous Speed: 3.0 km/h
Total Distance: 48 m
Total Energy: 2 kcal
Energy Per Hour: 0 kcal
Energy Per Minute: 0 kcal
Elapsed Time: 60 s
Reserved Flags for Future Use: 0x2000" received
I	00:16:11.425	Notification received from 00002acd-0000-1000-8000-00805f9b34fb, value: (0x) 84-24-2C-01-30-00-00-02-00-00-00-00-3C-00-5A-00-00
A	00:16:11.425	"Instantaneous Speed: 3.0 km/h
Total Distance: 48 m
Total Energy: 2 kcal
Energy Per Hour: 0 kcal
Energy Per Minute: 0 kcal
Elapsed Time: 60 s
Reserved Flags for Future Use: 0x2000" received
I	00:16:11.907	Notification received from 00002acd-0000-1000-8000-00805f9b34fb, value: (0x) 84-24-2C-01-31-00-00-02-00-00-00-00-3D-00-5A-00-00
A	00:16:11.907	"Instantaneous Speed: 3.0 km/h
Total Distance: 49 m
Total Energy: 2 kcal
Energy Per Hour: 0 kcal
Energy Per Minute: 0 kcal
Elapsed Time: 61 s
Reserved Flags for Future Use: 0x2000" received
I	00:16:12.387	Notification received from 00002acd-0000-1000-8000-00805f9b34fb, value: (0x) 84-24-2C-01-31-00-00-02-00-00-00-00-3D-00-5B-00-00
A	00:16:12.387	"Instantaneous Speed: 3.0 km/h
Total Distance: 49 m
Total Energy: 2 kcal
Energy Per Hour: 0 kcal
Energy Per Minute: 0 kcal
Elapsed Time: 61 s
Reserved Flags for Future Use: 0x2000" received
I	00:16:12.868	Notification received from 00002acd-0000-1000-8000-00805f9b34fb, value: (0x) 84-24-22-01-31-00-00-02-00-00-00-00-3E-00-5C-00-00
A	00:16:12.868	"Instantaneous Speed: 2.8999999 km/h
Total Distance: 49 m
Total Energy: 2 kcal
Energy Per Hour: 0 kcal
Energy Per Minute: 0 kcal
Elapsed Time: 62 s
Reserved Flags for Future Use: 0x2000" received
I	00:16:13.347	Notification received from 00002acd-0000-1000-8000-00805f9b34fb, value: (0x) 84-24-0E-01-31-00-00-02-00-00-00-00-3E-00-5D-00-00
A	00:16:13.347	"Instantaneous Speed: 2.7 km/h
Total Distance: 49 m
Total Energy: 2 kcal
Energy Per Hour: 0 kcal
Energy Per Minute: 0 kcal
Elapsed Time: 62 s
Reserved Flags for Future Use: 0x2000" received
I	00:16:13.826	Notification received from 00002acd-0000-1000-8000-00805f9b34fb, value: (0x) 84-24-04-01-31-00-00-02-00-00-00-00-3F-00-5D-00-00
A	00:16:13.827	"Instantaneous Speed: 2.6 km/h
Total Distance: 49 m
Total Energy: 2 kcal
Energy Per Hour: 0 kcal
Energy Per Minute: 0 kcal
Elapsed Time: 63 s
Reserved Flags for Future Use: 0x2000" received
I	00:16:14.304	Notification received from 00002acd-0000-1000-8000-00805f9b34fb, value: (0x) 84-24-F0-00-31-00-00-02-00-00-00-00-3F-00-5E-00-00
A	00:16:14.304	"Instantaneous Speed: 2.3999999 km/h
Total Distance: 49 m
Total Energy: 2 kcal
Energy Per Hour: 0 kcal
Energy Per Minute: 0 kcal
Elapsed Time: 63 s
Reserved Flags for Future Use: 0x2000" received
I	00:16:14.742	Notification received from 00002acd-0000-1000-8000-00805f9b34fb, value: (0x) 84-24-E6-00-31-00-00-02-00-00-00-00-40-00-5F-00-00
A	00:16:14.742	"Instantaneous Speed: 2.3 km/h
Total Distance: 49 m
Total Energy: 2 kcal
Energy Per Hour: 0 kcal
Energy Per Minute: 0 kcal
Elapsed Time: 64 s
Reserved Flags for Future Use: 0x2000" received
I	00:16:15.264	Notification received from 00002acd-0000-1000-8000-00805f9b34fb, value: (0x) 84-24-D2-00-31-00-00-02-00-00-00-00-40-00-60-00-00
A	00:16:15.264	"Instantaneous Speed: 2.1 km/h
Total Distance: 49 m
Total Energy: 2 kcal
Energy Per Hour: 0 kcal
Energy Per Minute: 0 kcal
Elapsed Time: 64 s
Reserved Flags for Future Use: 0x2000" received
I	00:16:15.742	Notification received from 00002acd-0000-1000-8000-00805f9b34fb, value: (0x) 84-24-C8-00-31-00-00-02-00-00-00-00-41-00-60-00-00
A	00:16:15.742	"Instantaneous Speed: 2.0 km/h
Total Distance: 49 m
Total Energy: 2 kcal
Energy Per Hour: 0 kcal
Energy Per Minute: 0 kcal
Elapsed Time: 65 s
Reserved Flags for Future Use: 0x2000" received
I	00:16:16.224	Notification received from 00002acd-0000-1000-8000-00805f9b34fb, value: (0x) 84-24-B4-00-31-00-00-02-00-00-00-00-41-00-61-00-00
A	00:16:16.224	"Instantaneous Speed: 1.8 km/h
Total Distance: 49 m
Total Energy: 2 kcal
Energy Per Hour: 0 kcal
Energy Per Minute: 0 kcal
Elapsed Time: 65 s
Reserved Flags for Future Use: 0x2000" received
I	00:16:16.704	Notification received from 00002acd-0000-1000-8000-00805f9b34fb, value: (0x) 84-24-AA-00-31-00-00-03-00-00-00-00-42-00-61-00-00
A	00:16:16.704	"Instantaneous Speed: 1.6999999 km/h
Total Distance: 49 m
Total Energy: 3 kcal
Energy Per Hour: 0 kcal
Energy Per Minute: 0 kcal
Elapsed Time: 66 s
Reserved Flags for Future Use: 0x2000" received
I	00:16:17.184	Notification received from 00002acd-0000-1000-8000-00805f9b34fb, value: (0x) 84-24-96-00-31-00-00-03-00-00-00-00-42-00-62-00-00
A	00:16:17.184	"Instantaneous Speed: 1.5 km/h
Total Distance: 49 m
Total Energy: 3 kcal
Energy Per Hour: 0 kcal
Energy Per Minute: 0 kcal
Elapsed Time: 66 s
Reserved Flags for Future Use: 0x2000" received
I	00:16:17.667	Notification received from 00002acd-0000-1000-8000-00805f9b34fb, value: (0x) 84-24-8C-00-31-00-00-03-00-00-00-00-43-00-62-00-00
A	00:16:17.667	"Instantaneous Speed: 1.4 km/h
Total Distance: 49 m
Total Energy: 3 kcal
Energy Per Hour: 0 kcal
Energy Per Minute: 0 kcal
Elapsed Time: 67 s
Reserved Flags for Future Use: 0x2000" received
I	00:16:18.147	Notification received from 00002acd-0000-1000-8000-00805f9b34fb, value: (0x) 84-24-78-00-31-00-00-03-00-00-00-00-43-00-63-00-00
A	00:16:18.147	"Instantaneous Speed: 1.1999999 km/h
Total Distance: 49 m
Total Energy: 3 kcal
Energy Per Hour: 0 kcal
Energy Per Minute: 0 kcal
Elapsed Time: 67 s
Reserved Flags for Future Use: 0x2000" received
I	00:16:18.628	Notification received from 00002acd-0000-1000-8000-00805f9b34fb, value: (0x) 84-24-6E-00-31-00-00-03-00-00-00-00-44-00-63-00-00
A	00:16:18.628	"Instantaneous Speed: 1.1 km/h
Total Distance: 49 m
Total Energy: 3 kcal
Energy Per Hour: 0 kcal
Energy Per Minute: 0 kcal
Elapsed Time: 68 s
Reserved Flags for Future Use: 0x2000" received
I	00:16:19.104	Notification received from 00002acd-0000-1000-8000-00805f9b34fb, value: (0x) 84-24-5A-00-31-00-00-03-00-00-00-00-44-00-64-00-00
A	00:16:19.104	"Instantaneous Speed: 0.9 km/h
Total Distance: 49 m
Total Energy: 3 kcal
Energy Per Hour: 0 kcal
Energy Per Minute: 0 kcal
Elapsed Time: 68 s
Reserved Flags for Future Use: 0x2000" received
I	00:16:19.586	Notification received from 00002acd-0000-1000-8000-00805f9b34fb, value: (0x) 84-24-50-00-31-00-00-03-00-00-00-00-44-00-64-00-00
A	00:16:19.586	"Instantaneous Speed: 0.79999995 km/h
Total Distance: 49 m
Total Energy: 3 kcal
Energy Per Hour: 0 kcal
Energy Per Minute: 0 kcal
Elapsed Time: 68 s
Reserved Flags for Future Use: 0x2000" received
I	00:16:20.061	Notification received from 00002acd-0000-1000-8000-00805f9b34fb, value: (0x) 84-24-3C-00-31-00-00-03-00-00-00-00-45-00-64-00-00
A	00:16:20.061	"Instantaneous Speed: 0.59999996 km/h
Total Distance: 49 m
Total Energy: 3 kcal
Energy Per Hour: 0 kcal
Energy Per Minute: 0 kcal
Elapsed Time: 69 s
Reserved Flags for Future Use: 0x2000" received
I	00:16:20.504	Notification received from 00002acd-0000-1000-8000-00805f9b34fb, value: (0x) 84-24-32-00-31-00-00-03-00-00-00-00-45-00-64-00-00
A	00:16:20.504	"Instantaneous Speed: 0.5 km/h
Total Distance: 49 m
Total Energy: 3 kcal
Energy Per Hour: 0 kcal
Energy Per Minute: 0 kcal
Elapsed Time: 69 s
Reserved Flags for Future Use: 0x2000" received
I	00:16:21.025	Notification received from 00002acd-0000-1000-8000-00805f9b34fb, value: (0x) 84-24-1E-00-31-00-00-03-00-00-00-00-46-00-64-00-00
A	00:16:21.025	"Instantaneous Speed: 0.29999998 km/h
Total Distance: 49 m
Total Energy: 3 kcal
Energy Per Hour: 0 kcal
Energy Per Minute: 0 kcal
Elapsed Time: 70 s
Reserved Flags for Future Use: 0x2000" received
I	00:16:21.464	Notification received from 00002acd-0000-1000-8000-00805f9b34fb, value: (0x) 84-24-14-00-31-00-00-03-00-00-00-00-46-00-64-00-00
A	00:16:21.464	"Instantaneous Speed: 0.19999999 km/h
Total Distance: 49 m
Total Energy: 3 kcal
Energy Per Hour: 0 kcal
Energy Per Minute: 0 kcal
Elapsed Time: 70 s
Reserved Flags for Future Use: 0x2000" received
I	00:16:21.982	Notification received from 00002acd-0000-1000-8000-00805f9b34fb, value: (0x) 84-24-00-00-00-00-00-00-00-00-00-00-00-00-00-00-00
A	00:16:21.982	"Instantaneous Speed: 0.0 km/h
Total Distance: 0 m
Total Energy: 0 kcal
Energy Per Hour: 0 kcal
Energy Per Minute: 0 kcal
Elapsed Time: 0 s
Reserved Flags for Future Use: 0x2000" received
I	00:16:22.468	Notification received from 00002acd-0000-1000-8000-00805f9b34fb, value: (0x) 84-24-00-00-00-00-00-00-00-00-00-00-00-00-00-00-00
A	00:16:22.468	"Instantaneous Speed: 0.0 km/h
Total Distance: 0 m
Total Energy: 0 kcal
Energy Per Hour: 0 kcal
Energy Per Minute: 0 kcal
Elapsed Time: 0 s
Reserved Flags for Future Use: 0x2000" received
I	00:16:22.948	Notification received from 00002acd-0000-1000-8000-00805f9b34fb, value: (0x) 84-24-00-00-00-00-00-00-00-00-00-00-00-00-00-00-00
A	00:16:22.948	"Instantaneous Speed: 0.0 km/h
Total Distance: 0 m
Total Energy: 0 kcal
Energy Per Hour: 0 kcal
Energy Per Minute: 0 kcal
Elapsed Time: 0 s
Reserved Flags for Future Use: 0x2000" received
I	00:16:23.428	Notification received from 00002acd-0000-1000-8000-00805f9b34fb, value: (0x) 84-24-00-00-00-00-00-00-00-00-00-00-00-00-00-00-00
A	00:16:23.428	"Instantaneous Speed: 0.0 km/h
Total Distance: 0 m
Total Energy: 0 kcal
Energy Per Hour: 0 kcal
Energy Per Minute: 0 kcal
Elapsed Time: 0 s
Reserved Flags for Future Use: 0x2000" received
I	00:16:23.904	Notification received from 00002acd-0000-1000-8000-00805f9b34fb, value: (0x) 84-24-00-00-00-00-00-00-00-00-00-00-00-00-00-00-00
A	00:16:23.904	"Instantaneous Speed: 0.0 km/h
Total Distance: 0 m
Total Energy: 0 kcal
Energy Per Hour: 0 kcal
Energy Per Minute: 0 kcal
Elapsed Time: 0 s
Reserved Flags for Future Use: 0x2000" received
I	00:16:24.386	Notification received from 00002acd-0000-1000-8000-00805f9b34fb, value: (0x) 84-24-00-00-00-00-00-00-00-00-00-00-00-00-00-00-00
A	00:16:24.386	"Instantaneous Speed: 0.0 km/h
Total Distance: 0 m
Total Energy: 0 kcal
Energy Per Hour: 0 kcal
Energy Per Minute: 0 kcal
Elapsed Time: 0 s
Reserved Flags for Future Use: 0x2000" received
I	00:16:24.868	Notification received from 00002acd-0000-1000-8000-00805f9b34fb, value: (0x) 84-24-00-00-00-00-00-00-00-00-00-00-00-00-00-00-00
A	00:16:24.868	"Instantaneous Speed: 0.0 km/h
Total Distance: 0 m
Total Energy: 0 kcal
Energy Per Hour: 0 kcal
Energy Per Minute: 0 kcal
Elapsed Time: 0 s
Reserved Flags for Future Use: 0x2000" received
I	00:16:25.347	Notification received from 00002acd-0000-1000-8000-00805f9b34fb, value: (0x) 84-24-00-00-00-00-00-00-00-00-00-00-00-00-00-00-00
A	00:16:25.347	"Instantaneous Speed: 0.0 km/h
Total Distance: 0 m
Total Energy: 0 kcal
Energy Per Hour: 0 kcal
Energy Per Minute: 0 kcal
Elapsed Time: 0 s
Reserved Flags for Future Use: 0x2000" received
I	00:16:25.828	Notification received from 00002acd-0000-1000-8000-00805f9b34fb, value: (0x) 84-24-00-00-00-00-00-00-00-00-00-00-00-00-00-00-00
A	00:16:25.828	"Instantaneous Speed: 0.0 km/h
Total Distance: 0 m
Total Energy: 0 kcal
Energy Per Hour: 0 kcal
Energy Per Minute: 0 kcal
Elapsed Time: 0 s
Reserved Flags for Future Use: 0x2000" received
I	00:16:26.308	Notification received from 00002acd-0000-1000-8000-00805f9b34fb, value: (0x) 84-24-00-00-00-00-00-00-00-00-00-00-00-00-00-00-00
A	00:16:26.308	"Instantaneous Speed: 0.0 km/h
Total Distance: 0 m
Total Energy: 0 kcal
Energy Per Hour: 0 kcal
Energy Per Minute: 0 kcal
Elapsed Time: 0 s
Reserved Flags for Future Use: 0x2000" received
I	00:16:26.786	Notification received from 00002acd-0000-1000-8000-00805f9b34fb, value: (0x) 84-24-00-00-00-00-00-00-00-00-00-00-00-00-00-00-00
A	00:16:26.786	"Instantaneous Speed: 0.0 km/h
Total Distance: 0 m
Total Energy: 0 kcal
Energy Per Hour: 0 kcal
Energy Per Minute: 0 kcal
Elapsed Time: 0 s
Reserved Flags for Future Use: 0x2000" received
I	00:16:27.226	Notification received from 00002acd-0000-1000-8000-00805f9b34fb, value: (0x) 84-24-00-00-00-00-00-00-00-00-00-00-00-00-00-00-00
A	00:16:27.226	"Instantaneous Speed: 0.0 km/h
Total Distance: 0 m
Total Energy: 0 kcal
Energy Per Hour: 0 kcal
Energy Per Minute: 0 kcal
Elapsed Time: 0 s
Reserved Flags for Future Use: 0x2000" received
I	00:16:27.748	Notification received from 00002acd-0000-1000-8000-00805f9b34fb, value: (0x) 84-24-00-00-00-00-00-00-00-00-00-00-00-00-00-00-00
A	00:16:27.748	"Instantaneous Speed: 0.0 km/h
Total Distance: 0 m
Total Energy: 0 kcal
Energy Per Hour: 0 kcal
Energy Per Minute: 0 kcal
Elapsed Time: 0 s
Reserved Flags for Future Use: 0x2000" received
I	00:16:28.227	Notification received from 00002acd-0000-1000-8000-00805f9b34fb, value: (0x) 84-24-00-00-00-00-00-00-00-00-00-00-00-00-00-00-00
A	00:16:28.227	"Instantaneous Speed: 0.0 km/h
Total Distance: 0 m
Total Energy: 0 kcal
Energy Per Hour: 0 kcal
Energy Per Minute: 0 kcal
Elapsed Time: 0 s
Reserved Flags for Future Use: 0x2000" received
I	00:16:28.705	Notification received from 00002acd-0000-1000-8000-00805f9b34fb, value: (0x) 84-24-00-00-00-00-00-00-00-00-00-00-00-00-00-00-00
A	00:16:28.705	"Instantaneous Speed: 0.0 km/h
Total Distance: 0 m
Total Energy: 0 kcal
Energy Per Hour: 0 kcal
Energy Per Minute: 0 kcal
Elapsed Time: 0 s
Reserved Flags for Future Use: 0x2000" received
I	00:16:29.187	Notification received from 00002acd-0000-1000-8000-00805f9b34fb, value: (0x) 84-24-00-00-00-00-00-00-00-00-00-00-00-00-00-00-00
A	00:16:29.187	"Instantaneous Speed: 0.0 km/h
Total Distance: 0 m
Total Energy: 0 kcal
Energy Per Hour: 0 kcal
Energy Per Minute: 0 kcal
Elapsed Time: 0 s
Reserved Flags for Future Use: 0x2000" received
I	00:16:29.665	Notification received from 00002acd-0000-1000-8000-00805f9b34fb, value: (0x) 84-24-00-00-00-00-00-00-00-00-00-00-00-00-00-00-00
A	00:16:29.665	"Instantaneous Speed: 0.0 km/h
Total Distance: 0 m
Total Energy: 0 kcal
Energy Per Hour: 0 kcal
Energy Per Minute: 0 kcal
Elapsed Time: 0 s
Reserved Flags for Future Use: 0x2000" received
I	00:16:30.106	Notification received from 00002acd-0000-1000-8000-00805f9b34fb, value: (0x) 84-24-00-00-00-00-00-00-00-00-00-00-00-00-00-00-00
A	00:16:30.107	"Instantaneous Speed: 0.0 km/h
Total Distance: 0 m
Total Energy: 0 kcal
Energy Per Hour: 0 kcal
Energy Per Minute: 0 kcal
Elapsed Time: 0 s
Reserved Flags for Future Use: 0x2000" received
I	00:16:30.628	Notification received from 00002acd-0000-1000-8000-00805f9b34fb, value: (0x) 84-24-00-00-00-00-00-00-00-00-00-00-00-00-00-00-00
A	00:16:30.628	"Instantaneous Speed: 0.0 km/h
Total Distance: 0 m
Total Energy: 0 kcal
Energy Per Hour: 0 kcal
Energy Per Minute: 0 kcal
Elapsed Time: 0 s
Reserved Flags for Future Use: 0x2000" received
I	00:16:31.108	Notification received from 00002acd-0000-1000-8000-00805f9b34fb, value: (0x) 84-24-00-00-00-00-00-00-00-00-00-00-00-00-00-00-00
A	00:16:31.108	"Instantaneous Speed: 0.0 km/h
Total Distance: 0 m
Total Energy: 0 kcal
Energy Per Hour: 0 kcal
Energy Per Minute: 0 kcal
Elapsed Time: 0 s
Reserved Flags for Future Use: 0x2000" received
I	00:16:31.587	Notification received from 00002acd-0000-1000-8000-00805f9b34fb, value: (0x) 84-24-00-00-00-00-00-00-00-00-00-00-00-00-00-00-00
A	00:16:31.587	"Instantaneous Speed: 0.0 km/h
Total Distance: 0 m
Total Energy: 0 kcal
Energy Per Hour: 0 kcal
Energy Per Minute: 0 kcal
Elapsed Time: 0 s
Reserved Flags for Future Use: 0x2000" received
I	00:16:32.067	Notification received from 00002acd-0000-1000-8000-00805f9b34fb, value: (0x) 84-24-00-00-00-00-00-00-00-00-00-00-00-00-00-00-00
A	00:16:32.067	"Instantaneous Speed: 0.0 km/h
Total Distance: 0 m
Total Energy: 0 kcal
Energy Per Hour: 0 kcal
Energy Per Minute: 0 kcal
Elapsed Time: 0 s
Reserved Flags for Future Use: 0x2000" received
I	00:16:32.547	Notification received from 00002acd-0000-1000-8000-00805f9b34fb, value: (0x) 84-24-00-00-00-00-00-00-00-00-00-00-00-00-00-00-00
A	00:16:32.547	"Instantaneous Speed: 0.0 km/h
Total Distance: 0 m
Total Energy: 0 kcal
Energy Per Hour: 0 kcal
Energy Per Minute: 0 kcal
Elapsed Time: 0 s
Reserved Flags for Future Use: 0x2000" received
I	00:16:33.027	Notification received from 00002acd-0000-1000-8000-00805f9b34fb, value: (0x) 84-24-00-00-00-00-00-00-00-00-00-00-00-00-00-00-00
A	00:16:33.027	"Instantaneous Speed: 0.0 km/h
Total Distance: 0 m
Total Energy: 0 kcal
Energy Per Hour: 0 kcal
Energy Per Minute: 0 kcal
Elapsed Time: 0 s
Reserved Flags for Future Use: 0x2000" received
I	00:16:33.507	Notification received from 00002acd-0000-1000-8000-00805f9b34fb, value: (0x) 84-24-00-00-00-00-00-00-00-00-00-00-00-00-00-00-00
A	00:16:33.508	"Instantaneous Speed: 0.0 km/h
Total Distance: 0 m
Total Energy: 0 kcal
Energy Per Hour: 0 kcal
Energy Per Minute: 0 kcal
Elapsed Time: 0 s
Reserved Flags for Future Use: 0x2000" received
I	00:16:33.988	Notification received from 00002acd-0000-1000-8000-00805f9b34fb, value: (0x) 84-24-00-00-00-00-00-00-00-00-00-00-00-00-00-00-00
A	00:16:33.988	"Instantaneous Speed: 0.0 km/h
Total Distance: 0 m
Total Energy: 0 kcal
Energy Per Hour: 0 kcal
Energy Per Minute: 0 kcal
Elapsed Time: 0 s
Reserved Flags for Future Use: 0x2000" received
I	00:16:34.471	Notification received from 00002acd-0000-1000-8000-00805f9b34fb, value: (0x) 84-24-00-00-00-00-00-00-00-00-00-00-00-00-00-00-00
A	00:16:34.471	"Instantaneous Speed: 0.0 km/h
Total Distance: 0 m
Total Energy: 0 kcal
Energy Per Hour: 0 kcal
Energy Per Minute: 0 kcal
Elapsed Time: 0 s
Reserved Flags for Future Use: 0x2000" received
I	00:16:34.948	Notification received from 00002acd-0000-1000-8000-00805f9b34fb, value: (0x) 84-24-00-00-00-00-00-00-00-00-00-00-00-00-00-00-00
A	00:16:34.948	"Instantaneous Speed: 0.0 km/h
Total Distance: 0 m
Total Energy: 0 kcal
Energy Per Hour: 0 kcal
Energy Per Minute: 0 kcal
Elapsed Time: 0 s
Reserved Flags for Future Use: 0x2000" received
I	00:16:35.423	Notification received from 00002acd-0000-1000-8000-00805f9b34fb, value: (0x) 84-24-00-00-00-00-00-00-00-00-00-00-00-00-00-00-00
A	00:16:35.423	"Instantaneous Speed: 0.0 km/h
Total Distance: 0 m
Total Energy: 0 kcal
Energy Per Hour: 0 kcal
Energy Per Minute: 0 kcal
Elapsed Time: 0 s
Reserved Flags for Future Use: 0x2000" received
I	00:16:35.904	Notification received from 00002acd-0000-1000-8000-00805f9b34fb, value: (0x) 84-24-00-00-00-00-00-00-00-00-00-00-00-00-00-00-00
A	00:16:35.904	"Instantaneous Speed: 0.0 km/h
Total Distance: 0 m
Total Energy: 0 kcal
Energy Per Hour: 0 kcal
Energy Per Minute: 0 kcal
Elapsed Time: 0 s
Reserved Flags for Future Use: 0x2000" received
I	00:16:36.388	Notification received from 00002acd-0000-1000-8000-00805f9b34fb, value: (0x) 84-24-00-00-00-00-00-00-00-00-00-00-00-00-00-00-00
A	00:16:36.388	"Instantaneous Speed: 0.0 km/h
Total Distance: 0 m
Total Energy: 0 kcal
Energy Per Hour: 0 kcal
Energy Per Minute: 0 kcal
Elapsed Time: 0 s
Reserved Flags for Future Use: 0x2000" received
I	00:16:36.861	Notification received from 00002acd-0000-1000-8000-00805f9b34fb, value: (0x) 84-24-00-00-00-00-00-00-00-00-00-00-00-00-00-00-00
A	00:16:36.861	"Instantaneous Speed: 0.0 km/h
Total Distance: 0 m
Total Energy: 0 kcal
Energy Per Hour: 0 kcal
Energy Per Minute: 0 kcal
Elapsed Time: 0 s
Reserved Flags for Future Use: 0x2000" received
I	00:16:37.348	Notification received from 00002acd-0000-1000-8000-00805f9b34fb, value: (0x) 84-24-00-00-00-00-00-00-00-00-00-00-00-00-00-00-00
A	00:16:37.348	"Instantaneous Speed: 0.0 km/h
Total Distance: 0 m
Total Energy: 0 kcal
Energy Per Hour: 0 kcal
Energy Per Minute: 0 kcal
Elapsed Time: 0 s
Reserved Flags for Future Use: 0x2000" received
V	00:16:37.584	Disconnecting...
D	00:16:37.584	gatt.disconnect()
D	00:16:37.605	[Callback] Connection state changed with status: 0 and new state: DISCONNECTED (0)
I	00:16:37.605	Disconnected
D	00:16:37.606	gatt.close()
D	00:16:37.612	wait(200)
